<?xml version="1.0" encoding="UTF-8"?>
<testsuite xmlns:xsi="http://www.w3.org/2001/XMLSchema-instance" xsi:noNamespaceSchemaLocation="https://maven.apache.org/surefire/maven-surefire-plugin/xsd/surefire-test-report-3.0.xsd" version="3.0" name="com.nt.AppTest" time="0.016" tests="1" errors="0" skipped="0" failures="0">
  <properties>
    <property name="java.specification.version" value="20"/>
    <property name="sun.cpu.isalist" value="amd64"/>
    <property name="sun.jnu.encoding" value="Cp1252"/>
    <property name="java.class.path" value="E:\Tools\Maven_Tool\GenerateSqrRoot\target\test-classes;E:\Tools\Maven_Tool\GenerateSqrRoot\target\classes;C:\Users\ssmcm\.m2\repository\junit\junit\3.8.1\junit-3.8.1.jar;"/>
    <property name="java.vm.vendor" value="Oracle Corporation"/>
    <property name="sun.arch.data.model" value="64"/>
    <property name="user.variant" value=""/>
    <property name="java.vendor.url" value="https://java.oracle.com/"/>
    <property name="user.timezone" value="Asia/Calcutta"/>
    <property name="os.name" value="Windows 11"/>
    <property name="java.vm.specification.version" value="20"/>
    <property name="sun.java.launcher" value="SUN_STANDARD"/>
    <property name="user.country" value="IN"/>
    <property name="sun.boot.library.path" value="C:\jdk-20\bin"/>
    <property name="sun.java.command" value="C:\Users\ssmcm\AppData\Local\Temp\surefire14496607181065661850\surefirebooter-20241103235447143_3.jar C:\Users\ssmcm\AppData\Local\Temp\surefire14496607181065661850 2024-11-03T23-54-47_027-jvmRun1 surefire-20241103235447143_1tmp surefire_0-20241103235447143_2tmp"/>
    <property name="jdk.debug" value="release"/>
    <property name="surefire.test.class.path" value="E:\Tools\Maven_Tool\GenerateSqrRoot\target\test-classes;E:\Tools\Maven_Tool\GenerateSqrRoot\target\classes;C:\Users\ssmcm\.m2\repository\junit\junit\3.8.1\junit-3.8.1.jar;"/>
    <property name="sun.cpu.endian" value="little"/>
    <property name="user.home" value="C:\Users\ssmcm"/>
    <property name="user.language" value="en"/>
    <property name="java.specification.vendor" value="Oracle Corporation"/>
    <property name="java.version.date" value="2023-07-18"/>
    <property name="java.home" value="C:\jdk-20"/>
    <property name="file.separator" value="\"/>
    <property name="basedir" value="E:\Tools\Maven_Tool\GenerateSqrRoot"/>
    <property name="java.vm.compressedOopsMode" value="Zero based"/>
    <property name="line.separator" value="&#10;"/>
    <property name="java.vm.specification.vendor" value="Oracle Corporation"/>
    <property name="java.specification.name" value="Java Platform API Specification"/>
    <property name="surefire.real.class.path" value="C:\Users\ssmcm\AppData\Local\Temp\surefire14496607181065661850\surefirebooter-20241103235447143_3.jar"/>
    <property name="user.script" value=""/>
    <property name="sun.management.compiler" value="HotSpot 64-Bit Tiered Compilers"/>
    <property name="java.runtime.version" value="20.0.2+9-78"/>
    <property name="user.name" value="ssmcm"/>
    <property name="stdout.encoding" value="Cp1252"/>
    <property name="path.separator" value=";"/>
    <property name="os.version" value="10.0"/>
    <property name="java.runtime.name" value="Java(TM) SE Runtime Environment"/>
    <property name="file.encoding" value="UTF-8"/>
    <property name="java.vm.name" value="Java HotSpot(TM) 64-Bit Server VM"/>
    <property name="localRepository" value="C:\Users\ssmcm\.m2\repository"/>
    <property name="java.vendor.url.bug" value="https://bugreport.java.com/bugreport/"/>
    <property name="java.io.tmpdir" value="C:\Users\ssmcm\AppData\Local\Temp\"/>
    <property name="java.version" value="20.0.2"/>
    <property name="user.dir" value="E:\Tools\Maven_Tool\GenerateSqrRoot"/>
    <property name="os.arch" value="amd64"/>
    <property name="java.vm.specification.name" value="Java Virtual Machine Specification"/>
    <property name="sun.os.patch.level" value=""/>
    <property name="native.encoding" value="Cp1252"/>
    <property name="java.library.path" value="C:\jdk-20\bin;C:\windows\Sun\Java\bin;C:\windows\system32;C:\windows;C:\db_home\bin;C:\Program Files\Common Files\Oracle\Java\javapath;C:\windows\system32;C:\windows;C:\windows\System32\Wbem;C:\windows\System32\WindowsPowerShell\v1.0\;C:\windows\System32\OpenSSH\;C:\jdk-20\bin;C:\Program Files\Common Files\Oracle\Java\javapath;C:\Program Files\Apache Software Foundation\Tomcat 10.1\lib;C:\Users\ssmcm\Downloads;C:\Program Files\nodejs\;C:\Users\ssmcm\Downloads\apache-maven-3.9.6-bin\apache-maven-3.9.6\bin;C:\Program Files\MySQL\MySQL Server 8.0\bin;;C:\Program Files\HP\HP One Agent;C:\Program Files\dotnet\;C:\Program Files (x86)\Windows Kits\10\Windows Performance Toolkit\;C:\Program Files\MySQL\MySQL Shell 8.0\bin\;C:\Users\ssmcm\AppData\Local\Microsoft\WindowsApps;C:\Users\ssmcm\AppData\Local\Programs\Microsoft VS Code\bin;C:\Users\ssmcm\AppData\Roaming\npm;C:\Users\ssmcm\Downloads\apache-maven-3.9.6-bin\apache-maven-3.9.6\bin;;."/>
    <property name="java.vm.info" value="mixed mode, sharing"/>
    <property name="stderr.encoding" value="Cp1252"/>
    <property name="java.vendor" value="Oracle Corporation"/>
    <property name="java.vm.version" value="20.0.2+9-78"/>
    <property name="sun.io.unicode.encoding" value="UnicodeLittle"/>
    <property name="java.class.version" value="64.0"/>
  </properties>
  <testcase name="testApp" classname="com.nt.AppTest" time="0.0"/>
</testsuite>